[    0000000] Linux versio 4.1.0-58-generic (buildd@lcy01-amd64-013) (gcc verson 7.40 (Ubuntu 7..0-1ubunu1~18.04.1))#64-Ubuntu SP Tue Aug 6 11:12:41 UTC 201 (buntu 4.15.0-58.6-generic 4.15.18)
[    0.000000] Command line: BOT_IMAGE=/boot/vmlinuz-4.15.0-58-generic root=UUID=2b6dbcc6-42e2-4970-b42b-aa001d6700d5 ro console=tty1 console=ttyS0
[    0.000000] KERNEL supported cpus:
[    0.000000]   Intel GenuineIntel
[    .00000]   AMDAuhenticAM
[    .000000]   CentaurCentarHauls
[    0000000]x86/fpu: Supporting XSAVE fature 0x00: x87 floating oint registrs'
[    0.000000] x6/fpu: Supporting XSAVE feature 0x002: 'SSE registers'
[    0.000000] x86/fpu: Supporting XSAVE feature 0x004: 'AVX registers'
[    0.000000] x86/fpu: xstate_offset[2]:  576, xstate_sizes[2]:  256
[   0.00000] x86/fpu Enabled xtate featues 0x7, contex size is 832 byts, using standard' format.
[    000000] e820: BIOS-povided hysical RAM map:
[    0.00000 BIOS-e820: [mem 0000000000000000-0x00000000009fbf] usable
[    .00000] BIOS-e820: [mem 0x00000000009fc00-0x000000000009ffff] reseved
[    0.000000] BIOS-e820: [mem 0x00000000000f0000-0x00000000000fffff] reserved
[    0.000000] BIOS-e820: [mem 0x0000000000100000-0x000000003ffeffff] usable
[    0.000000] BIOS-e820: [mem 0x000000003fff0000-0x000000003fffffff] ACPI data
[    0.000000]BIOSe820: [mm 0x0000000fec00000-0x00000000fec00fff] reserved
[    0.000000] BIOS-e820: [mem 0x00000000fee00000-0x00000000fee00fff] reserved
[    0.000000] BIOS-e820: [mem 0x00000000fffc0000-0x00000000ffffffff] reserved
[    0.000000] NX (Execute Disable) protection: active
[    0.000000] SMBIOS 2.5 present.
[    0.000000] DMI: innotek GmbH VirtualBox/VirtualBox, BIOS VirtualBox 12/01/2006
[    0.000000] Hypervisor detected: KVM
[    0.000000] e820: last_pfn = 0x3fff0 max_arch_pfn = 0x400000000
[    0.000000] MTRR: Disabled
[    0.000000] x86/PAT: MTRRs disabled, skipping PAT initialization too.
[    0.000000] CPU MTRRs all blank - virtualized system.
[    0.000000] x86/PAT: Configuration [0-7]: WB  WT  UC- UC  WB  WT  UC- UC  
[    0.000000] found SMP MP-table at [mem 0x0009fff0-0x0009ffff] mapped at [        (ptral)]
[    0.000000] Scannin 1 ares for low meory corrption
[    0.000000 RAMDIS: [mem 0x35985000-0x36cb9fff]
[   0.00000] ACPI: Early table checksum verficaton disabled
[   0.000000] CPI: RSDP 0x0000000000E0000 000024(v02 VBOX  )
[    .00000] ACPI: XSDT 0x00000003FF0030 00003C (01 VBOX   VBOXXSDT 00000001 AL  00000061)
[    0.000000] ACI: FAC 0x000000003FFF00F0 000F4 (v04 VBOX   VBOXFACP00000001 ASL 00000061)
[    0.00000] ACI: DSDT 0x000000003FF0470 0021FF (02 VBOX   VVBOXBIOS 00000002 INTL 2010058)
[    0.000000] ACI: FACS 0x000000003FFF0200 00000
[    0.000000] ACPI: FACS 0x000000003FFF0200 000040
[    0.000000] ACPI: APIC 0x000000003FFF0240 00005C (v02 VBOX   VBOXAPIC 00000001 ASL  00000061)
[    0.000000] ACPI: SSDT 0x000000003FFF02A0 0001CC (v01 VBOX   VBOXCPUT 00000002 INTL 20100528)
[    0.000000] No NUMA configuration found
[    0.000000] Faking a node at [mem 0x0000000000000000-0x000000003ffeffff]
[    0.000000] NODE_DATA(0) allocated [mem 0x3ffc5000-0x3ffeffff]
[    0.000000] kvm-clok: cpu 0, msr 0:3ff44001 primary cpu cloc
[   0.00000] kvm-clock: Using msrs 4b564d01 and 4b564d00
[    .000000] kvm-clock:using sched ofset of4100168740 cycles
[    0.000000] clocksource: kvm-clok: mask:0xffffffffffffffffmax_cycles: 0x1cd42e4dffb, max_idle_ns: 881590591483 ns
[    0.000000] Zon rangs:
[    0.000000]   DMA      [mem 0x0000000000001000-0x00000000ffffff]
[    0.000000]   DMA32    [mem 0x0000000001000000-x000000003ffeffff]
[    0000000]  Normal   empy
[    0.000000   Device   empty
[    0.000000] Movable zone start for each ode
    0.000000] Early memorynode ranges
[    0.000000]   ode   0: [mem 0x0000000000001000-0x000000000009efff]
[   0.000000]  node   0: [mem 0x0000000001000000x000000003ffeffff]
[    0.000000] Reserved but unavailable: 9 pges
[    0.000000] Initmem setup node 0 [mem x000000000001000-0x000000003ffefff]
    0.000000] ACPI: PM-Timer IO Port: x4008
[    0.000000] OAPIC[0]: apic_id 2, version 32, address 0xfec00000, GSI 0-23
[    0.000000] ACPI: INT_SRC_OVR (bus 0 bus_irq 0 global_irq 2 dfl dfl)
[    0.000000] ACPI: INT_SRC_OVR (bus 0 bus_irq 9 global_irq 9 low level)
[[    0.000000] Using ACPI (MADT) for SMP configuration information
[    0.000000] smpboot: Allowing 2 CPUs, 0 hotplug CPUs
[    0.000000] PM: Registered nosave memory: [mem 0x00000000-0x00000fff]
[    0.000000] PM: Registered nosav memory: [em 0x009f00-0x0009fff]
[    .000000] PM: Registeed nosavememory: [mem 0x000a0000-0x000effff]
    0.00000] PM: Registered osavememorry: [mm 0x00f0000-0x000fffff]
[   0.000000] e82: [mem 0x40000000-0xfebffff] vailable fo PCI dvices
[    0.00000 Booting aravrtualized kernel on KVM
[    .00000] clocksource: refned-iffies: mask: 0xfffffff max_ycles: 0xffffffff max_idle_ns: 7645519600211568 ns
[    0.000000]randm: get_random_bytes caled from start_kernel+099/0xfd with crng_init=0
[    0000000] setup_percpu: NR_CPU:8192 nr_cpumask_bits:2 nr_cpu_ids:2 nr_node_ids:1
[    0.000000] percpu: Embedded 46 pages/cpu @        (ptrval) s151552 r8192 d28672 u10048576
[    0.000000] PV qspinlock hash table entries: 256 (order: 0, 4096 bytes)
[    0.000000] Built 1 zonelists, mobility grouping on.  Total pages: 257913
[    0.000000] Policy zone: DMA32
[    0.000000] Kernel command line: BOOT_IMAGE=/boot/vmlinuz-4.15.0-58-generic root=UUID=2b6dbcc6-42e2-4970-b42b-aa001d6700d5 ro console=tty1 console=ttyS0
[    0.000000] Memory: 982928K/1048120K available (12300K kernel code, 2478K rwdata, 4280K rodata, 2424K init, 2384K bss, 65192K reserved, 0K cma-reserved)
[    0.000000] SLUB: HWalign=64, Order=0-3, MinObjects=0, CPUs=2, Nodes=1
[    0.000000] Kernel/User page tables isolation: enabled
[    0.000000] ftrace: allocating 39243 entries in 154 pages
[    0.004000] Hierarhical RCU implementation
[    0.004000] 	RCU estricting CPUs fromNR_CPUS=8192 to nr_cpu_ids=2.
[    0.00400] 	Tasks RCU enabled.[    0.00000] RCU Adjustin geoetryfor  rcu_fanout_leaf=16, nr_pu_ids2
[    0.04000] NR_RQS: 524544, nr_iqs: 40, preallocatd irq: 16
[    0.04000 Console: colour VG+ 80x25
[    0004000] console[tty1] enaled
[    0.004000] cosole [tyS0] enabled
    0.04000] ACPI: Core reviion 0170831
[    0.00000] ACI: 2 ACPI ML tables successflly acquired ad loaded
[    0.004000] APIC: Switch to symmetric I/O mode setup
[    0.004000] x2apic enabled
[    0.004000] Switched APIC routing to physical x2apic.
[    0.005169] ..TIMER: vector=0x30 apic1=0 pin1=2 apic2=-1 pin2=-1
[    0.008004] tsc: Detected 2194.918 MHz processor
[    0.009523] Calibrating delay loop (skipped) preset value.. 4389.83 BogoMIPS (lpj=8779672)
[    0.012005] pid_max: default: 32768 minimum: 301
[    0.013888] Security Framework initialized
[    0.016005] Yama: becoming mindful.
[    0.017345] AppArmor: AppArmor initialized
[    0.020067] Dentry cache hash table entries: 131072 (order: 8, 1048576 bytes)
[    0.024087] Inode-cache hash table entries: 65536 (order: 7, 524288 bytes)
[    0.028032] Mount-cache hash table entries: 2048 (order: 2, 16384 bytes)
[    0.032010] Mountpoint-cache hash table entries: 2048 (order: 2, 16384 bytes)
[    0.036220] mce: CPU supports 0 MCE banks
[    0.040016] Last level iTLB entries: 4KB 1024, 2MB 1024, 4MB 1024
[    0.044006] Last level dTLB entries: 4KB 1024, 2MB 1024, 4MB 1024, 1GB 4
[    0.048004] Spectre V1 : Mitigation: usercopy/swapgs barriers and __user pointer sanitization
[    0.052008] Spectre V2 : Mitigation: Full generic retpoline
[    0.056004] Spectre V2 : Spectre v2 / SpectreRSB mitigation: Filling RSB on context switch
[    0.060004] Speculative Store Bypass: Vulnerable
[    0.064055] MDS: Vulnerable: Clear CPU buffers attempted, no microcode
[    0.068107] Freeing SMP alternatives memory: 36K
[    0.080000] smpboot: CPU0: Intel(R) Core(TM) i7-4770HQ CPU @ 2.20GHz (family: 0x6, model: 0x46, stepping: 0x1)
[    0.080098] Performance Events: unsupported p6 CPU model 70 no PMU driver, software events only.
[    0.084060] Hierarchical SRCU implementation.
[    0.088658] NMI watchdog: Perf event create on CPU 0 failed with -2
[    0.092002] NMI watchdog: Perf NMI watchdog permanently disabled
[    0.096104] smp: Bringing up secondary CPUs ...
[    0.100083] x86: Booting SMP configuration:
[    0.104009] .... node  #0, CPUs:      #1
[    0.004000] kvm-clock: cpu 1, msr 0:3ff44041, secondary cpu clock
[    0.004000] mce: CPU supports 0 MCE banks
[    0.162053] smp: Brought up 1 node, 2 CPUs
[    0.164006] smpboot: Max logical packages: 1
[    0.168004] smpboot: Total of 2 processors activated (8779.67 BogoMIPS)
[    0.172172] devtmpfs: initialized
[    0.176077] x86/mm: Memory block size: 128MB
[    0.179148] evm: security.selinux
[    0.180005] evm: security.SMACK64
[    0.181431] evm: security.SMACK64EXEC
[    0.182875] evm: security.SMACK64TRANSMUTE
[    0.184005] evm: security.SMACK64MMAP
[    0.185525] evm: security.apparmor
[    0.188003] evm: security.ima
[    0.189044] evm: security.capability
[    0.190479] clocksource: jiffies: mask: 0xffffffff max_cycles: 0xffffffff, max_idle_ns: 7645041785100000 ns
[    0.192020] futex hash table entries: 512 (order: 3, 32768 bytes)
[    0.196080] pinctrl core: initialized pinctrl subsystem
[    0.200289] RTC time: 11:29:23, date: 09/12/19
[    0.201964] NET: Registered protocol family 16
[    0.204083] audit: initializing netlink subsys (disabled)
[    0.205914] audit: type=2000 audit(1568287761.808:1): state=initialized audit_enabled=0 res=1
[    0.208008] cpuidle: using governor ladder
[    0.209523] cpuidle: using governor menu
[    0.212043] ACPI: bus type PCI registered
[    0.213299] acpiphp: ACPI Hot Plug PCI Controller Driver version: 0.5
[    0.216152] PCI: Using configuration type 1 for base access
[    0.220047] HugeTLB registered 2.00 MiB page size, pre-allocated 0 pages
[    0.222141] ACPI: Added _OSI(Module Device)
[    0.224005] ACPI: Added _OSI(Processor Device)
[    0.227360] ACPI: Added _OSI(3.0 _SCP Extensions)
[    0.228004] ACPI: Added _OSI(Processor Aggregator Device)
[    0.229958] ACPI: Added _OSI(Linux-Dell-Video)
[    0.232003] ACPI: Added _OSI(Linux-Lenovo-NV-HDMI-Audio)
[    0.233279] ACPI: Added _OSI(Linux-HPI-Hybrid-Graphics)
[    0.236461] ACPI: Executed 1 blocks of module-level executable AML code
[    0.244699] ACPI: Interpreter enabled
[    0.248016] ACPI: (supports S0 S5)
[    0.252004] ACPI: Using IOAPIC for interrupt routing
[    0.256222] PCI: Using host bridge windows from ACPI; if necessary, use "pci=nocrs" and report a bug
[    0.260231] ACPI: Enabled 2 GPEs in block 00 to 07
[    0.272637] ACPI: PCI Root Bridge [PCI0] (domain 0000 [bus 00-ff])
[    0.276009] acpi PNP0A03:00: _OSC: OS supports [ASPM ClockPM Segments MSI]
[    0.280028] acpi PNP0A03:00: _OSC: not requesting OS control; OS requires [ExtendedConfig ASPM ClockPM MSI]
[    0.284029] acpi PNP0A03:00: fail to add MMCONFIG information, can't access extended PCI configuration space under this bridge.
[    0.292354] PCI host bridge to bus 0000:00
[    0.296005] pci_bus 0000:00: root bus resource [io  0x0000-0x0cf7 window]
[    0.300004] pci_bus 0000:00: root bus resource [io  0x0d00-0xffff window]
[    0.304004] pci_bus 0000:00: root bus resource [mem 0x000a0000-0x000bffff window]
[    0.308005] pci_bus 0000:00: root bus resource [mem 0x40000000-0xfdffffff window]
[    0.312004] pci_bus 0000:00: root bus resource [bus 00-ff]
[    0.321393] pci 0000:00:01.1: legacy IDE quirk: reg 0x10: [io  0x01f0-0x01f7]
[    0.324004] pci 0000:00:01.1: legacy IDE quirk: reg 0x14: [io  0x03f6]
[    0.328005] pci 0000:00:01.1: legacy IDE quirk: reg 0x18: [io  0x0170-0x0177]
[    0.332004] pci 0000:00:01.1: legacy IDE quirk: reg 0x1c: [io  0x0376]
[    0.353449] pci 0000:00:07.0: quirk: [io  0x4000-0x403f] claimed by PIIX4 ACPI
[    0.356025] pci 0000:00:07.0: quirk: [io  0x4100-0x410f] claimed by PIIX4 SMB
[    0.375875] ACPI: PCI Interrupt Link [LNKA] (IRQs 5 9 10 *11)
[    0.376331] ACPI: PCI Interrupt Link [LNKB] (IRQs 5 9 *10 11)
[    0.380163] ACPI: PCI Interrupt Link [LNKC] (IRQs 5 *9 10 11)
[    0.384206] ACPI: PCI Interrupt Link [LNKD] (IRQs 5 9 10 *11)
[    0.388617] SCSI subsystem initialized
[    0.392063] pci 0000:00:02.0: vgaarb: setting as boot VGA device
[    0.396000] pci 0000:00:02.0: vgaarb: VGA device added: decodes=io+mem,owns=io+mem,locks=none
[    0.396007] pci 0000:00:02.0: vgaarb: bridge control possible
[    0.400003] vgaarb: loaded
[    0.404031] ACPI: bus type USB registered
[    0.408024] usbcore: registered new interface driver usbfs
[    0.412013] usbcore: registered new interface driver hub
[    0.416035] usbcore: registered new device driver usb
[    0.420111] EDAC MC: Ver: 3.0.0
[    0.424423] PCI: Using ACPI for IRQ routing
[    0.428531] NetLabel: Initializing
[    0.429807] NetLabel:  domain hash size = 128
[    0.432003] NetLabel:  protocols = UNLABELED CIPSOv4 CALIPSO
[    0.436042] NetLabel:  unlabeled traffic allowed by default
[    0.438141] clocksource: Switched to clocksource kvm-clock
[    0.452110] VFS: Disk quotas dquot_6.6.0
[    0.453460] VFS: Dquot-cache hash table entries: 512 (order 0, 4096 bytes)
[    0.45736] AppArmor: AppArmor Filesystem Enabled
[    0.481421] pnp: PnP ACPI init
[    0.483690] pnp: PnP ACPI: found 3 devices

[   0.47571]clockource acpipm: ask: xffffffmax_cycles 0xffffff, max_idle_ns: 208501024ns
[    .76753] NE: Regstere protocol family 2

[    0.88184] TP established hash table etries 8192(order: 4,65536byes)
[    1.071789] TP bindhash tble ntries: 8192(orde: 5, 131072 bytes)
[    1.240856] TCP: Hah tables configured (esablished8192 ind 812)
[    1.35923] UDP hash table entries: 512 (ordr: 2, 6384 btes)[    1.46861] UP-Lite hash table entries: 512 (order: 2, 16384 bytes)
[    1.538959] NET: Registered protocol family 1
[    1.540467] pci 0000:00:00.0: Limiting direct PCI/PCI transfers
[    1.542425] pci 0000:00:01.0: Activating ISA DMA hang workarounds
[    1.544462] pci 0000:00:02.0: Video device with shadowed ROM at [mem 0x000c0000-0x000dffff]
[    1.547469] Unpacking initramfs...

[    1.825220] Freeing initrd memory: 19668K
[    1.848495] clocksource: tsc: mask: 0xffffffffffffffff max_cycles: 0x1fa37202099, max_idle_ns: 440795206796 ns
[    1.960605] platform rtc_cmos: registered platform RTC device (no PNP device found)
[    1.970370] Scanning for low memory corruption every 60 seconds
[    1.972488] Initialise system trusted keyrings
[    1.973561] Key type blacklist registered
[    1.974594] workingset: timestamp_bits=36 max_order=18 bucket_order=0
[    1.976951] zbud: loaded
[    1.978044] squashfs: version 4.0 (2009/01/31) Phillip Lougher
[    1.979550] fuse init (API version 7.26)
[    2.000196] Key type asymmetric registered
[    2.001196] Asymmetric key parser 'x509' registered
[    2.002404] Block layer SCSI generic (bsg) driver version 0.4 loaded (major 246)
[    2.004178] io scheduler noop registered
[    2.005114] io scheduler deadline registered
[    2.006140] io scheduler cfq registered (default)
[    2.007812] ACPI: AC Adapter [AC] (off-line)
[    2.032849] input: Power Button as /devices/LNXSYSTM:00/LNXPWRBN:00/input/input0
[    2.078092] ACPI: Power Button [PWRF]
[    2.092539] input: Sleep Button as /devices/LNXSYSTM:00/LNXSLPBN:00/input/input1
[    2.144132] ACPI: Sleep Button [SLPF]
[    2.170955] ACPI: Battery Slot [BAT0] (battery present)
[    2.176399] Serial: 8250/16550 driver, 32 ports, IRQ sharing enabled
[    2.209688] 00:02: ttyS0 at I/O 0x3f8 (irq = 4, base_baud = 115200) is a 16550A
[    2.217198] Linux agpgart interface v0.103
[    2.263425] loop: module loaded
[    2.283205] scsi host0: ata_piix
[    2.302736] scsi host1: ata_piix
[    2.332481] ata1: PATA max UDMA/33 cmd 0x1f0 ctl 0x3f6 bmdma 0xd000 irq 14
[    2.399978] ata2: PATA max UDMA/33 cmd 0x170 ctl 0x376 bmdma 0xd008 irq 15
[    2.459791] libphy: Fixed MDIO Bus: probed
[    2.484400] tun: Universal TUN/TAP device driver, 1.6
[    2.539142] PPP generic driver version 2.4.2
[    2.552833] ehci_hcd: USB 2.0 'Enhanced' Host Controller (EHCI) Driver
[    2.560206] ehci-pci: EHCI PCI platform driver
[    2.564921] ehci-platform: EHCI generic platform driver
[    2.568899] ohci_hcd: USB 1.1 'Open' Host Controller (OHCI) Driver
[    2.570656] ohci-pci: OHCI PCI platform driver
[    2.571768] ohci-platform: OHCI generic platform driver
[    2.579925] uhci_hcd: USB Universal Host Controller Interface driver
[    2.594392] i8042: PNP: PS/2 Controller [PNP0303:PS2K,PNP0f03:PS2M] at 0x60,0x64 irq 1,12
[    2.606178] serio: i8042 KBD port at 0x60,0x64 irq 1
[    2.617817] serio: i8042 AUX port at 0x60,0x64 irq 12
[    2.620483] mousedev: PS/2 mouse device common for all mice
[    2.625010] input: AT Translated Set 2 keyboard as /devices/platform/i8042/serio0/input/input2
[    2.630000] rtc_cmos rtc_cmos: rtc core: registered rtc_cmos as rtc0
[    2.632907] rtc_cmos rtc_cmos: alarms up to one day, 114 byes nvram
[    2.671104] i2c /dev entries driver
[    2.672688] device-mapper: uevent: version 1.0.3
[    2.697313] device-mapper: ioctl: 4.37.0-ioctl (2017-09-20) initialised: dm-devel@redhat.com
[    2.701199] ledtrig-cpu: registered to indicate activity on CPUs
[    2.707688] NET: Registered protocol family 10
[    2.717720] Segment Routing with IPv6
[    2.732553] NET: Registered protocol family 17
[    2.760923] Key type dns_resolver registered
[    2.778109] RAS: Correctable Errors collector initialized.
[    2.808893] sched_clock: Marking stable (2808862935, 0)->(10459604116, -7650741181)
[    2.871639] registered taskstats version 1
[    2.892969] Loading compiled-in X.509 certificates
[    2.938192] Loaded X.509 cert 'Build time autogenerated kernel key: e343dd3e31c9820cf0adf0156bc2eecdcfc394af'
[    2.992657] zswap: loaded using pool lzo/zbud
[    3.031167] Key type big_key registered
[    3.048947] Key type trusted registered
[    3.085031] Key type encrypted registered
[    3.103436] AppArmor: AppArmor sha1 policy hashing enabled
[    3.132553] ima: No TPM chip found, activating TPM-bypass! (rc=-19)
[    3.172822] ima: Allocated hash algorithm: sha1
[    3.1833] eevm: HMAC atrs: 0x1
[   3.26832]   Magic number:3:13479

[    3.367636] rc_mos rt_cmos: ettingsystemcloc t 201909-1 1:29:2 UTC (15828767)

[    3.694209] BIOS EDD facility v0.16 2004-Jun-25, 0 devices found
[    3.696245] EDD infrmation not available.

[    3.724757] Freeing unused kernel image memory: 2424K
[    3.882499] Write protecting the kernel read-only data: 20480k
[    4.241607] Freeing unused kernel image memory: 2008K
[    4.916458] Freeing unused kernel image memory: 1864K
[    4.926796] x86/mm: Checked W+X mappings: passed, no W+X pages found.
[    5.243096] x86/mm: Checking user space page tables
[    6.181451] x86/mm: Checked W+X mappings: passed, no W+X pages found.
Loading, please wait...
starting version 237
[    7.324340] e1000: Intel(R) PRO/1000 Network Driver - version 7.3.21-k8-NAPI
[    7.392645] e1000: Copyright (c) 1999-2006 Intel Corporation.
[    7.419942] Fusion MPT base driver 3.04.20
[    7.425076] Copyright (c) 1999-2008 LSI Corporation
[    7.454086] Fusion MPT SPI Host driver 3.04.20
[    7.477328] AVX2 version of gcm_enc/dec engaged.
[    7.484053] AES CTR mode by8 optimization enabled
[    7.621267] input: ImExPS/2 Generic Explorer Mouse as /devices/platform/i8042/serio1/input/input4
[    7.859297] e1000 0000:00:03.0 eth0: (PCI:33MHz:32-bit) 02:8d:8f:70:9f:84
[    7.942316] e1000 0000:00:03.0 eth0: Intel(R) PRO/1000 Network Connection
[    8.003708] mptbase: ioc0: Initiating bringup
[    8.145724] ioc0: LSI53C1030 A0: Capabilities={Initiator}
[    8.418610] scsi host2: ioc0: LSI53C1030 A0, FwRev=00000000h, Ports=1, MaxQ=256, IRQ=20
[    8.621394] scsi 2:0:0:0: Direct-Access     VBOX     HARDDISK         1.0  PQ: 0 ANSI: 5
[    8.988658] scsi target2:0:0: Beginning Domain Validation
[    9.025686] scsi target2:0:0: Domain Validation skipping write tests
[    9.027590] scsi target2:0:0: Ending Domain Validation
[    9.028980] scsi target2:0:0: asynchronous
[    9.030420] scsi 2:0:1:0: Direct-Access     VBOX     HARDDISK         1.0  PQ: 0 ANSI: 5
[    9.035150] e1000 0000:00:08.0 eth1: (PCI:33MHz:32-bit) 08:00:27:37:6a:35
[    9.079193] e1000 0000:00:08.0 eth1: Intel(R) PRO/1000 Network Connection
[    9.124664] e1000 0000:00:08.0 enp0s8: renamed from eth1
[    9.169492] scsi target2:0:1: Beginning Domain Validation
[    9.237502] e1000 0000:00:03.0 enp0s3: renamed from eth0
[    9.262750] random: fast init done
[    9.280201] scsi target2:0:1: Domain Validation skipping write tests
[    9.308174] scsi target2:0:1: Ending Domain Validation
[    9.312346] scsi target2:0:1: asynchronous
[    9.312537] random: systemd-udevd: uninitialized urandom read (16 bytes read)
[    9.326750] random: systemd-udevd: uninitialized urandom read (16 bytes read)
[    9.330788] random: systemd-udevd: uninitialized urandom read (16 bytes read)
[    9.343960] sd 2:0:0:0: Attached scsi generic sg0 type 0
[    9.344325] sd 2:0:0:0: [sda] 20971520 512-byte logical blocks: (10.7 GB/10.0 GiB)
[    9.350822] sd 2:0:1:0: Attached scsi generic sg1 type 0
[    9.351236] sd 2:0:0:0: [sda] Write Protect is off
[    9.371028] sd 2:0:1:0: [sdb] 20480 512-byte logical blocks: (10.5 MB/10.0 MiB)
[    9.372134] sd 2:0:0:0: [sda] Incomplete mode parameter data
[    9.373897] sd 2:0:1:0: [sdb] Write Protect is off
[    9.378682] sd 2:0:0:0: [sda] Assuming drive cache: write through
[    9.422698] sd 2:0:1:0: [sdb] Incomplete mode parameter data
[    9.457411] sd 2:0:1:0: [sdb] Assuming drive cache: write through
[    9.494724]  sda: sda1
[    9.496186] sd 2:0:1:0: [sdb] Attached SCSI disk
[    9.526228] sd 2:0:0:0: [sda] Attached SCSI disk
Begin: Loading essential drivers ... [   10.980187] raid6: sse2x1   gen() 10845 MB/s
[   11.048312] raid6: sse2x1   xor()  7761 MB/s
[   11.116056] raid6: sse2x2   gen() 12941 MB/s
[   11.184066] raid6: sse2x2   xor()  8284 MB/s
[   11.256591] raid6: sse2x4   gen() 14438 MB/s
[   11.316280] raid6: sse2x4   xor()  9293 MB/s
[   11.376311] raid6: avx2x1   gen() 21309 MB/s
[   11.448347] raid6: avx2x1   xor() 14431 MB/s
[   11.520223] raid6: avx2x2   gen() 24160 MB/s
[   11.572140] raid6: avx2x2   xor() 12937 MB/s
[   11.624232] raid6: avx2x4   gen() 26940 MB/s
[   11.692665] raid6: avx2x4   xor() 17128 MB/s
[   11.716371] raid6: using algorithm avx2x4 gen() 26940 MB/s
[   11.752221] raid6: .... xor() 17128 MB/s, rmw enabled
[   11.781015] raid6: using avx2x2 recovery algorithm
[   11.810134] xor: automatically using best checksumming function   avx       
[   11.866942] async_tx: api initialized (async)
done.
Begin: Running /scripts/init-premount ... done.
Begin: Mounting root file system ... Begin: Running /scripts/local-top ... do[   11.948983] Btrfs loaded, crc32c=crc32c-intel
ne.
Begin: Running /scripts/local-premount ... Scanning for Btrfs filesystems
done.
Warning: fsck no[   12.015179] EXT4-fs (sda1): mounted filesystem with ordered data mode. Opts: (null)
t present, so skipping root file system
done.
Begin: Running /scripts/local-bottom ... done.
Begin: Running /scripts/init-bottom ... done.
[   12.247398] ip_tables: (C) 2000-2006 Netfilter Core Team
[   12.258406] systemd[1]: systemd 237 running in system mode. (+PAM +AUDIT +SELINUX +IMA +APPARMOR +SMACK +SYSVINIT +UTMP +LIBCRYPTSETUP +GCRYPT +GNUTLS +ACL +XZ +LZ4 +SECCOMP +BLKID +ELFUTILS +KMOD -IDN2 +IDN -PCRE2 default-hierarchy=hybrid)
[   12.263632] systemd[1]: Detected virtualization oracle.
[   12.264943] systemd[1]: Detected architecture x86-64.

Welcome to [1mUbuntu 18.04.2 LTS[0m!

[   12.293375] systemd[1]: Set hostname to <ubuntu-bionic>.
[   12.607538] systemd[1]: Reached target System Time Synchronized.
[[0;32m  OK  [0m] Reached target System Time Synchronized.
[   12.611120] systemd[1]: Reached target User and Group Name Lookups.
[[0;32m  OK  [0m] Reached target User and Group Name Lookups.
[   12.624868] systemd[1]: Started Forward Password Requests to Wall Directory Watch.
[[0;32m  OK  [0m] Started Forward Password Requests to Wall Directory Watch.
[   12.633857] systemd[1]: Set up automount Arbitrary Executable File Formats File System Automount Point.
[[0;32m  OK  [0m] Set up automount Arbitrary Executab…rmats File System Automount Point.
[   12.642031] systemd[1]: Reached target Swap.
[[0;32m  OK  [0m] Reached target Swap.
[   12.655880] systemd[1]: Created slice System Slice.
[[0;32m  OK  [0m] Created slice System Slice.
[[0;32m  OK  [0m] Listening on Journal Audit Socket.
[[0;32m  OK  [0m] Listening on LVM2 metadata daemon socket.
[[0;32m  OK  [0m] Listening on udev Control Socket.
[[0;32m  OK  [0m] Listening on udev Kernel Socket.
[[0;32m  OK  [0m] Listening on Device-mapper event daemon FIFOs.
[[0;32m  OK  [0m] Listening on LVM2 poll daemon socket.
[[0;32m  OK  [0m] Listening on Journal Socket.
         Starting Load Kernel Modules...
         Mounting Kernel Debug File System...
[   12.701244] Loading iSCSI transport class v2.0-870.
         Starting Monitoring of LVM2 mirr[   13.251649] iscsi: registered transport (tcp)
ors…ng dmeventd or progress polling...
         Starting Set the console keyboard layout...
[   13.318966] iscsi: registered transport (iser)
         Starting Uncomplicated firewall...
         Starting Create list of required st…ce nodes for the current kernel...
         Mounting Huge Pages File System...
[[0;32m  OK  [0m] Listening on Syslog Socket.
         Mounting POSIX Message Queue File System...
         Starting Remount Root and Kernel File Systems...[   13.485671] EXT4-fs (sda1): re-mounted. Opts: (null)

[[0;32m  OK  [0m] Listening on /dev/initctl Compatibility Named Pipe.
         Starting udev Coldplug all Devices...
[[0;32m  OK  [0m] Listening on Journal Socket (/dev/log).
         Starting Journal Service...
[[0;32m  OK  [0m] Created slice User and Session Slice.
[[0;32m  OK  [0m] Reached target Slices.
[[0;32m  OK  [0m] Created slice system-serial\x2dgetty.slice.
[[0;32m  OK  [0m] Listening on Network Service Netlink Socket.
[[0;32m  OK  [0m] Started Journal Service.
[[0;32m  OK  [0m] Started Load Kernel Modules.
[[0;32m  OK  [0m] Mounted Kernel Debug File System.
[[0;32m  OK  [0m] Started Set the console keyboard layout.
[[0;32m  OK  [0m] Started Uncomplicated firewall.
[[0;32m  OK  [0m] Started Create list of required sta…vice nodes for the current kernel.
[[0;32m  OK  [0m] Mounted Huge Pages File System.
[[0;32m  OK  [0m] Mounted POSIX Message Queue File System.
[[0;32m  OK  [0m] Started Remount Root and Kernel File Systems.
[[0;32m  OK  [0m] Started LVM2 metadata daemon.
         Starting Load/Save Random Seed...
         Starting Create Static Device Nodes in /dev...
         Mounting FUSE Control File System...
         Mounting Kernel Configuration File System...
         Starting Apply Kernel Variables...
         Starting Flush Journal to Persistent Storage...
[[0;32m  OK  [0m] Started Monitoring of LVM2 mirrors,…sing dmeventd or progress polling.
[[0;32m  OK  [0m] Started udev Coldplug all Devices.
[[0;32m  OK  [0m] Started Load/Save Random Seed.
[[0;32m  OK  [0m] Started Create Static Device Nodes in /dev.
[[0;32m  OK  [0m] Mounted FUSE Control File System.
[[0;32m  OK  [0m] Mounted Kernel Configuration File System.
[[0;32m  OK  [0m] Started Apply Kernel Variables.
         Starting udev Kernel Device Manager...
[[0;32m  OK  [0m] Reached target Local File Systems (Pre).
[[0;32m  OK  [0m] Reached target Local File Systems.
         Starting Set console font and keymap...
         Starting AppArmor initialization...
         Starting Tell Plymouth To Write Out Runtime Data...
         Starting ebtables ruleset management...
[[0;32m  OK  [0m] Started udev Kernel Device Manager.
[[0;32m  OK  [0m] Started Set console font and keymap.
[[0;32m  OK  [0m] Started Tell Plymouth To Write Out Runtime Data.
[[0;32m  OK  [0m] Started Dispatch Password Requests to Console Directory Watch.
[[0;32m  OK  [0m] Reached target Local Encrypted Volumes.
[[0;32m  OK  [0m] Started ebtables ruleset management.
[[0;32m  OK  [0m] Started Flush Journal to Persistent Storage.
         Starting Create Volatile Files and Directories...
[[0;32m  OK  [0m] Started Create Volatile Files and Directories.
[[0;32m  OK  [0m] Found device /dev/ttyS0.
         Starting Update UTMP about System Boot/Shutdown...
[[0;32m  OK  [0m] Started Update UTMP about System Boot/Shutdown.
[[0;32m  OK  [0m] Listening on Load/Save RF Kill Switch Status /dev/rfkill Watch.
[[0;32m  OK  [0m] Started AppArmor initialization.
         Starting Initial cloud-init job (pre-networking)...
[   15.494699] cloud-init[543]: Cloud-init v. 19.1-1-gbaa47854-0ubuntu1~18.04.1 running 'init-local' at Thu, 12 Sep 2019 11:29:39 +0000. Up 15.30 seconds.
[[0;32m  OK  [0m] Started Initial cloud-init job (pre-networking).
[[0;32m  OK  [0m] Reached target Network (Pre).
         Starting Network Service...
[[0;32m  OK  [0m] Started Network Service.
         Starting Wait for Network to be Configured...
         Starting Network Name Resolution...
[[0;32m  OK  [0m] Started Network Name Resolution.
[[0;32m  OK  [0m] Reached target Network.
[[0;32m  OK  [0m] Reached target Host and Network Name Lookups.
[[0;32m  OK  [0m] Started Wait for Network to be Configured.
         Starting Initial cloud-init job (metadata service crawler)...
[   17.954804] cloud-init[731]: Cloud-init v. 19.1-1-gbaa47854-0ubuntu1~18.04.1 running 'init' at Thu, 12 Sep 2019 11:29:41 +0000. Up 17.82 seconds.
[   17.996347] cloud-init[731]: ci-info: ++++++++++++++++++++++++++++++++++++++Net device info+++++++++++++++++++++++++++++++++++++++
[   18.013761] cloud-init[731]: ci-info: +--------+------+-----------------------------+---------------+--------+-------------------+
[   18.044322] cloud-init[731]: ci-info: | Device |  Up  |           Address           |      Mask     | Scope  |     Hw-Address    |
[   18.088348] cloud-init[731]: ci-info: +--------+------+-----------------------------+---------------+--------+-------------------+
[[   18.132785] cloud-init[731]: ci-info: | enp0s3 | True |          10.0.2.15          | 255.255.255.0 | global | 02:8d:8f:70:9f:84 |
[0;32m  OK  [0m] [   18.133149] Started Initial cloud-init job (metadata service crawler).cloud-init
[731]: ci-info: | enp0s3 | True |  fe80::8d:8fff:fe70:9f84/64 |       .       |  link  | 02:8d:8f:70:9f:84 |
[[   18.146299] [0;32m  OK  [0mcloud-init[731]: ci-info: | enp0s8 | True |        192.168.33.10        | 255.255.255.0 | global | 08:00:27:37:6a:35 |
] Reached target Cloud-config availability.
[   18.146960] cloud-init[731]: ci-info: | enp0s8 | True | fe80::a00:27ff:fe37:6a35/64 |       .       |  link  | 08:00:27:37:6a:35 |
[[0;32m  OK  [0m] Reached target Network is Online.
[   18.155745] cloud-init[731]: ci-info: |   lo   | True |          127.0.0.1          |   255.0.0.0   |  host  |         .         |
         Starting Availability of block devices...
[[0;32m  OK  [0m] Reached target Remote File Systems (Pre).
[[0;32m  OK  [0m] Reached target Remote File Systems.
[[0;32m  OK  [0m] Reached target System Initialization.
[   18.181319] cloud-init[731]: ci-info: |   lo   | True |           ::1/128           |       .       |  host  |         .         |
[[   18.208577] cloud-init[731]: ci-info: +--------+------+-----------------------------+---------------+--------+-------------------+
[   18.208691] cloud-init[731]: ci-info: +++++++++++++++++++++++++++++Route IPv4 info+++++++++++++++++++++++++++++
[   18.208741] cloud-init[731]: ci-info: +-------+--------------+----------+-----------------+-----------+-------+
[   18.209278] cloud-init[731]: ci-info: | Route | Destination  | Gateway  |     Genmask     | Interface | Flags |
[   18.209320] cloud-init[731]: ci-info: +-------+--------------+----------+-----------------+-----------+-------+
[   18.209354] cloud-init[731]: ci-info: |   0   |   0.0.0.0    | 10.0.2.2 |     0.0.0.0     |   enp0s3  |   UG  |
[   18.209388] cloud-init[731]: ci-info: |   1   |   10.0.2.0   | 0.0.0.0  |  255.255.255.0  |   enp0s3  |   U   |
[   18.209432] cloud-init[731]: ci-info: |   2   |   10.0.2.2   | 0.0.0.0  | 255.255.255.255 |   enp0s3  |   UH  |
[   18.209558] cloud-init[731]: ci-info: |   3   | 192.168.33.0 | 0.0.0.0  |  255.255.255.0  |   enp0s8  |   U   |
[   18.209596] cloud-init[731]: ci-info: +-------+--------------+----------+-----------------+-----------+-------+
[   18.209629] cloud-init[731]: ci-info: +++++++++++++++++++Route IPv6 info+++++++++++++++++++
[   18.209808] cloud-init[731]: ci-info: +-------+-------------+---------+-----------+-------+
[   18.209857] cloud-init[731]: ci-info: | Route | Destination | Gateway | Interface | Flags |
[   18.209893] cloud-init[731]: ci-info: +-------+-------------+---------+-----------+-------+
[   18.209936] cloud-init[731]: ci-info: |   1   |  fe80::/64  |    ::   |   enp0s8  |   U   |
[   18.209978] cloud-init[731]: ci-info: |   2   |  fe80::/64  |    ::   |   enp0s3  |   U   |
[   18.210015] cloud-init[731]: ci-info: |   4   |    local    |    ::   |   enp0s3  |   U   |
[   18.210050] cloud-init[731]: ci-info: |   5   |    local    |    ::   |   enp0s8  |   U   |
[   18.210086] cloud-init[731]: ci-info: |   6   |   ff00::/8  |    ::   |   enp0s8  |   U   |
[   18.210122] cloud-init[731]: ci-info: |   7   |   ff00::/8  |    ::   |   enp0s3  |   U   |
[   18.210157] cloud-init[731]: ci-info: +-------+-------------+---------+-----------+-------+
[0;32m  OK  [0m] Started Daily apt download activities.
[[0;32m  OK  [0m] Started Daily Cleanup of Temporary Directories.
[[0;32m  OK  [0m] Started Discard unused blocks once a week.
         Starting Socket activation for snappy daemon.
[[0;32m  OK  [0m] Listening on UUID daemon activation socket.
[[0;32m  OK  [0m] Started Message of the Day.
[[0;32m  OK  [0m] Started ACPI Events Check.
[[0;32m  OK  [0m] Reached target Paths.
[[0;32m  OK  [0m] Listening on Open-iSCSI iscsid Socket.
[[0;32m  OK  [0m] Listening on D-Bus System Message Bus Socket.
[[0;32m  OK  [0m] Listening on ACPID Listen Socket.
         Starting LXD - unix socket.
[[0;32m  OK  [0m] Started Daily apt upgrade and clean activities.
[[0;32m  OK  [0m] Reached target Timers.
[[0;32m  OK  [0m] Started Availability of block devices.
[[0;32m  OK  [0m] Listening on Socket activation for snappy daemon.
[[0;32m  OK  [0m] Listening on LXD - unix socket.
[[0;32m  OK  [0m] Reached target Sockets.
[[0;32m  OK  [0m] Reached target Basic System.
         Starting Login Service...
         Starting LSB: Record successful boot for GRUB...
[[0;32m  OK  [0m] Started irqbalance daemon.
         Starting Accounts Service...
         Starting LXD - container startup/shutdown...
[[0;32m  OK  [0m] Started Deferred execution scheduler.
         Starting vboxadd.service...
[[0;32m  OK  [0m] Started FUSE filesystem for LXC.
[[0;32m  OK  [0m] Started D-Bus System Message Bus.
         Starting Dispatcher daemon for systemd-networkd...
         Starting System Logging Service...
         Starting OpenBSD Secure Shell server...
[[0;32m  OK  [0m] Started Regular background program processing daemon.
         Starting LSB: automatic crash report generation...
         Starting Permit User Sessions...
         Starting Snappy daemon...
[[0;32m  OK  [0m] Started System Logging Service.
[[0;32m  OK  [0m] Started LXD - container startup/shutdown.
[[0;32m  OK  [0m] Started Permit User Sessions.
[[0;32m  OK  [0m] Started Login Service.
[[0;32m  OK  [0m] Started OpenBSD Secure Shell server.
         Starting Authorization Manager...
[[0;32m  OK  [0m] Started Unattended Upgrades Shutdown.
         Starting Terminate Plymouth Boot Screen...
         Starting Hold until boot process finishes up...
[[0;32m  OK  [0m] Started Hold until boot process finishes up.
[[0;32m  OK  [0m] Started Terminate Plymouth Boot Screen.
         Starting Set console scheme...
[[0;32m  OK  [0m] Started Serial Getty on ttyS0.
[[0;32m  OK  [0m] Started LSB: automatic crash report generation.
[[0;32m  OK  [0m] Started Set console scheme.
[[0;32m  OK  [0m] Started LSB: Record successful boot for GRUB.
[[0;32m  OK  [0m] Started Authorization Manager.
[[0;32m  OK  [0m] Started Accounts Service.
[[0;32m  OK  [0m] Created slice User Slice of vagrant.
[[0;32m  OK  [0m] Created slice system-getty.slice.
[[0;32m  OK  [0m] Started Getty on tty1.
[[0;32m  OK  [0m] Reached target Login Prompts.
[[0;32m  OK  [0m] Started Snappy daemon.
[[0;32m  OK  [0m] Started Dispatcher daemon for systemd-networkd.
         Starting User Manager for UID 1000...
         Starting Wait until snapd is fully seeded...
[[0;32m  OK  [0m] Started vboxadd.service.
[[0;32m  OK  [0m] Started Session 1 of user vagrant.
         Starting vboxadd-service.service...
[[0;32m  OK  [0m] Started Wait until snapd is fully seeded.
[[0;32m  OK  [0m] Started User Manager for UID 1000.
         Starting Apply the settings specified in cloud-config...
[[0;32m  OK  [0m] Started vboxadd-service.service.
[[0;32m  OK  [0m] Reached target Multi-User System.
[[0;32m  OK  [0m] Reached target Graphical Interface.
         Starting Update UTMP about System Runlevel Changes...
[[0;32m  OK  [0m] Started Update UTMP about System Runlevel Changes.
[   20.552453] cloud-init[1197]: Cloud-init v. 19.1-1-gbaa47854-0ubuntu1~18.04.1 running 'modules:config' at Thu, 12 Sep 2019 11:29:44 +0000. Up 20.43 seconds.
[[0;32m  OK  [0m] Started Apply the settings specified in cloud-config.
         Starting Execute cloud user/final scripts...
[   21.099051] cloud-init[1288]: Cloud-init v. 19.1-1-gbaa47854-0ubuntu1~18.04.1 running 'modules:final' at Thu, 12 Sep 2019 11:29:45 +0000. Up 20.99 seconds.
[[0;32m  OK  [0m] Started Execute cloud user/final scripts.
[   21.183323] [cloud-init[0;32m  OK  [0m[1288]: ] Cloud-init v. 19.1-1-gbaa47854-0ubuntu1~18.04.1 finished at Thu, 12 Sep 2019 11:29:45 +0000. Datasource DataSourceNoCloud [seed=/dev/sdb][dsmode=net].  Up 21.09 secondsReached target Cloud-init target.


Ubuntu 18.04.2 LTS ubuntu-bionic ttyS0

ubuntu-bionic login: [[0;32m  OK  [0m] Stopped target Host and Network Name Lookups.
[[0;32m  OK  [0m] Closed Load/Save RF Kill Switch Status /dev/rfkill Watch.
[[0;32m  OK  [0m] Stopped target Timers.
            Stopping LSB: automatic crash report generation...
         Stopping LXD - container startup/shutdown...
         Stopping LSB: Record successful boot for GRUB...
         Stopping vboxadd-service.service...
[[0;32m  OK  [0m] Stopped Apply the settings specified in cloud-config.
[[0;32m  OK  [0m] Stopped Wait until snapd is fully seeded.
[[0;32m  OK  [0m] Stopped target Cloud-config availability.
[[0;32m  OK  [0m] Stopped target Network is Online.
         Stopping User Manager for UID 1000...
         Stopping Unattended Upgrades Shutdown...
[[0;32m  OK  [0m] Stopped Daily Cleanup of Temporary Directories.
[[0;32m  OK  [0m] Unmounted /var/lib/lxcfs.
[[0;32m  OK  [0m] Stopped irqbalance daemon.
[[0;32m  OK  [0m] Stopped Accounts Service.
[[0;32m  OK  [0m] Stopped Deferred execution scheduler.
[[0;32m  OK  [0m] Stopped Dispatcher daemon for systemd-networkd.
[[0;32m  OK  [0m] Stopped System Logging Service.
[[0;32m  OK  [0m] Stopped Regular background program processing daemon.
[[0;32m  OK  [0m] Stopped OpenBSD Secure Shell server.
[[0;32m  OK  [0m] Stopped Authorization Manager.
[[0;32m  OK  [0m] Stopped Unattended Upgrades Shutdown.
[[0;32m  OK  [0m] Stopped Serial Getty on ttyS0.
[[0;32m  OK  [0m] Stopped Getty on tty1.
[[0;32m  OK  [0m] Stopped User Manager for UID 1000.
[[0;32m  OK  [0m] Stopped Availability of block devices.
[[0;32m  OK  [0m] Stopped D-Bus System Message Bus.
[[0;32m  OK  [0m] Stopped vboxadd-service.service.
[[0;32m  OK  [0m] Stopped FUSE filesystem for LXC.
[[0;32m  OK  [0m] Stopped Session 7 of user vagrant.
         Stopping vboxadd.service...
[[0;32m  OK  [0m] Removed slice User Slice of vagrant.
[[0;32m  OK  [0m] Removed slice system-getty.slice.
         Stopping Permit User Sessions...
[[0;32m  OK  [0m] Removed slice system-serial\x2dgetty.slice.
         Stopping Login Service...
[[0;32m  OK  [0m] Unmounted /vagrant.
[[0;32m  OK  [0m] Stopped LSB: automatic crash report generation.
[[0;32m  OK  [0m] Stopped LXD - container startup/shutdown.
[[0;32m  OK  [0m] Stopped Login Service.
[[0;32m  OK  [0m] Stopped LSB: Record successful boot for GRUB.
[[0;32m  OK  [0m] Stopped vboxadd.service.
[[0;32m  OK  [0m] Stopped Permit User Sessions.
[[0;32m  OK  [0m] Stopped target Network.
         Stopping Network Name Resolution...
[[0;32m  OK  [0m] Stopped target User and Group Name Lookups.
[[0;32m  OK  [0m] Stopped target Basic System.
[[0;32m  OK  [0m] Stopped target Slices.
[[0;32m  OK  [0m] Removed slice User and Session Slice.
[[0;32m  OK  [0m] Stopped target Paths.
[[0;32m  OK  [0m] Stopped ACPI Events Check.
[[0;32m  OK  [0m] Stopped target Sockets.
[[0;32m  OK  [0m] Closed LXD - unix socket.
[[0;32m  OK  [0m] Closed UUID daemon activation socket.
[[0;32m  OK  [0m] Closed Socket activation for snappy daemon.
[[0;32m  OK  [0m] Closed ACPID Listen Socket.
[[0;32m  OK  [0m] Closed Syslog Socket.
[[0;32m  OK  [0m] Closed Open-iSCSI iscsid Socket.
[[0;32m  OK  [0m] Closed D-Bus System Message Bus Socket.
[[0;32m  OK  [0m] Stopped target System Initialization.
[[0;32m  OK  [0m] Stopped target Local Encrypted Volumes.
[[0;32m  OK  [0m] Stopped Forward Password Requests to Wall Directory Watch.
[[0;32m  OK  [0m] Stopped Dispatch Password Requests to Console Directory Watch.
         Stopping Update UTMP about System Boot/Shutdown...
[[0;32m  OK  [0m] Stopped Initial cloud-init job (metadata service crawler).
         Stopping Load/Save Random Seed...
[[0;32m  OK  [0m] Stopped target Remote File Systems.
[[0;32m  OK  [0m] Stopped target Remote File Systems (Pre).
[[0;32m  OK  [0m] Stopped Network Name Resolution.
[[0;32m  OK  [0m] Stopped Load/Save Random Seed.
         Stopping Network Service...
[[0;32m  OK  [0m] Stopped Update UTMP about System Boot/Shutdown.
[[0;32m  OK  [0m] Stopped Network Service.
[[0;32m  OK  [0m] Stopped Apply Kernel Variables.
[[0;32m  OK  [0m] Stopped Load Kernel Modules.
[[0;32m  OK  [0m] Stopped target Network (Pre).
[[0;32m  OK  [0m] Stopped Initial cloud-init job (pre-networking).
[[0;32m  OK  [0m] Stopped Create Volatile Files and Directories.
[[0;32m  OK  [0m] Stopped target Local File Systems.
         Unmounting /run/user/1000...
[[0;32m  OK  [0m] Unmounted /run/user/1000.
[[0;32m  OK  [0m] Reached target Unmount All Filesystems.
[[0;32m  OK  [0m] Stopped target Local File Systems (Pre).
[[0;32m  OK  [0m] Stopped Create Static Device Nodes in /dev.
[[0;32m  OK  [0m] Stopped Remount Root and Kernel File Systems.
         Stopping Monitoring of LVM2 mirrors…ng dmeventd or progress polling...
[[0;32m  OK  [0m] Stopped target Swap.
[[0;32m  OK  [0m] Reached target Shutdown.
[[0;32m  OK  [0m] Reached target Final Step.
         Starting Power-Off...
[[0;32m  OK  [0m] Stopped Monitoring of LVM2 mirrors,…sing dmeventd or progress polling.
         Stopping LVM2 metadata daemon...
[[0;32m  OK  [0m] Stopped LVM2 metadata daemon.
[ 5177.950925] reboot: Power down
