  [1m[35m (0.1ms)[0m  [1m[34mSELECT sqlite_version(*)[0m
  ↳ bin/rails:9
  [1m[35m (5.8ms)[0m  [1m[35mCREATE TABLE "schema_migrations" ("version" varchar NOT NULL PRIMARY KEY)[0m
  ↳ bin/rails:9
  [1m[35m (4.3ms)[0m  [1m[35mCREATE TABLE "ar_internal_metadata" ("key" varchar NOT NULL PRIMARY KEY, "value" varchar, "created_at" datetime NOT NULL, "updated_at" datetime NOT NULL)[0m
  ↳ bin/rails:9
  [1m[35m (1.3ms)[0m  [1m[34mSELECT "schema_migrations"."version" FROM "schema_migrations" ORDER BY "schema_migrations"."version" ASC[0m
  ↳ bin/rails:9
Migrating to DeviseCreateEndUsers (20190909053044)
  [1m[35m (0.1ms)[0m  [1m[36mbegin transaction[0m
  ↳ bin/rails:9
  [1m[35m (3.1ms)[0m  [1m[35mCREATE TABLE "end_users" ("id" integer PRIMARY KEY AUTOINCREMENT NOT NULL, "email" varchar DEFAULT '' NOT NULL, "encrypted_password" varchar DEFAULT '' NOT NULL, "reset_password_token" varchar, "reset_password_sent_at" datetime, "remember_created_at" datetime, "sign_in_count" integer DEFAULT 0 NOT NULL, "current_sign_in_at" datetime, "last_sign_in_at" datetime, "current_sign_in_ip" varchar, "last_sign_in_ip" varchar, "lastname_kanji" varchar, "firstname_kanji" varchar, "lastname_kana" varchar, "firstname_kana" varchar, "phone_number" integer, "zipcode" integer, "address" varchar, "leaved" boolean, "leave_at" datetime, "created_at" datetime NOT NULL, "updated_at" datetime NOT NULL)[0m
  ↳ db/migrate/20190909053044_devise_create_end_users.rb:5
  [1m[35m (0.1ms)[0m  [1m[35mCREATE UNIQUE INDEX "index_end_users_on_email" ON "end_users" ("email")[0m
  ↳ db/migrate/20190909053044_devise_create_end_users.rb:48
  [1m[35m (0.1ms)[0m  [1m[35mCREATE UNIQUE INDEX "index_end_users_on_reset_password_token" ON "end_users" ("reset_password_token")[0m
  ↳ db/migrate/20190909053044_devise_create_end_users.rb:49
  [1m[36mActiveRecord::SchemaMigration Create (1.3ms)[0m  [1m[32mINSERT INTO "schema_migrations" ("version") VALUES (?)[0m  [["version", "20190909053044"]]
  ↳ bin/rails:9
  [1m[35m (3.2ms)[0m  [1m[36mcommit transaction[0m
  ↳ bin/rails:9
Migrating to CreateDeliveries (20190909054704)
  [1m[35m (0.2ms)[0m  [1m[36mbegin transaction[0m
  ↳ bin/rails:9
  [1m[35m (3.9ms)[0m  [1m[35mCREATE TABLE "deliveries" ("id" integer PRIMARY KEY AUTOINCREMENT NOT NULL, "end_user_id" integer, "lastname_kanji" varchar, "firstname_kanji" varchar, "lastname_kana" varchar, "firstname_kana" varchar, "phone_number" integer, "zipcode" integer, "address" varchar, "created_at" datetime NOT NULL, "updated_at" datetime NOT NULL)[0m
  ↳ db/migrate/20190909054704_create_deliveries.rb:3
  [1m[36mActiveRecord::SchemaMigration Create (1.2ms)[0m  [1m[32mINSERT INTO "schema_migrations" ("version") VALUES (?)[0m  [["version", "20190909054704"]]
  ↳ bin/rails:9
  [1m[35m (3.5ms)[0m  [1m[36mcommit transaction[0m
  ↳ bin/rails:9
Migrating to CreateInquiries (20190909055349)
  [1m[35m (0.1ms)[0m  [1m[36mbegin transaction[0m
  ↳ bin/rails:9
  [1m[35m (3.3ms)[0m  [1m[35mCREATE TABLE "inquiries" ("id" integer PRIMARY KEY AUTOINCREMENT NOT NULL, "end_user_id" integer, "inquirer_name" varchar, "mail" varchar, "inquiry_content" text, "created_at" datetime NOT NULL, "updated_at" datetime NOT NULL)[0m
  ↳ db/migrate/20190909055349_create_inquiries.rb:3
  [1m[36mActiveRecord::SchemaMigration Create (0.7ms)[0m  [1m[32mINSERT INTO "schema_migrations" ("version") VALUES (?)[0m  [["version", "20190909055349"]]
  ↳ bin/rails:9
  [1m[35m (2.2ms)[0m  [1m[36mcommit transaction[0m
  ↳ bin/rails:9
Migrating to CreateReplies (20190909055725)
  [1m[35m (0.1ms)[0m  [1m[36mbegin transaction[0m
  ↳ bin/rails:9
  [1m[35m (3.3ms)[0m  [1m[35mCREATE TABLE "replies" ("id" integer PRIMARY KEY AUTOINCREMENT NOT NULL, "inquiry_id" integer, "reply_content" text, "created_at" datetime NOT NULL, "updated_at" datetime NOT NULL)[0m
  ↳ db/migrate/20190909055725_create_replies.rb:3
  [1m[36mActiveRecord::SchemaMigration Create (1.1ms)[0m  [1m[32mINSERT INTO "schema_migrations" ("version") VALUES (?)[0m  [["version", "20190909055725"]]
  ↳ bin/rails:9
  [1m[35m (2.5ms)[0m  [1m[36mcommit transaction[0m
  ↳ bin/rails:9
Migrating to CreateProducts (20190909060047)
  [1m[35m (0.1ms)[0m  [1m[36mbegin transaction[0m
  ↳ bin/rails:9
  [1m[35m (3.4ms)[0m  [1m[35mCREATE TABLE "products" ("id" integer PRIMARY KEY AUTOINCREMENT NOT NULL, "genre_id" integer, "artist_id" integer, "product_name" varchar, "price" integer, "label_id" integer, "stopped" boolean, "jacket_image" varchar, "created_at" datetime NOT NULL, "updated_at" datetime NOT NULL)[0m
  ↳ db/migrate/20190909060047_create_products.rb:3
  [1m[35m (0.1ms)[0m  [1m[35mCREATE  INDEX "index_products_on_product_name" ON "products" ("product_name")[0m
  ↳ db/migrate/20190909060047_create_products.rb:14
  [1m[36mActiveRecord::SchemaMigration Create (0.6ms)[0m  [1m[32mINSERT INTO "schema_migrations" ("version") VALUES (?)[0m  [["version", "20190909060047"]]
  ↳ bin/rails:9
  [1m[35m (2.2ms)[0m  [1m[36mcommit transaction[0m
  ↳ bin/rails:9
Migrating to CreateFavorites (20190909060728)
  [1m[35m (0.2ms)[0m  [1m[36mbegin transaction[0m
  ↳ bin/rails:9
  [1m[35m (3.7ms)[0m  [1m[35mCREATE TABLE "favorites" ("id" integer PRIMARY KEY AUTOINCREMENT NOT NULL, "end_user_id" integer, "product_id" integer, "created_at" datetime NOT NULL, "updated_at" datetime NOT NULL)[0m
  ↳ db/migrate/20190909060728_create_favorites.rb:3
  [1m[36mActiveRecord::SchemaMigration Create (1.9ms)[0m  [1m[32mINSERT INTO "schema_migrations" ("version") VALUES (?)[0m  [["version", "20190909060728"]]
  ↳ bin/rails:9
  [1m[35m (2.9ms)[0m  [1m[36mcommit transaction[0m
  ↳ bin/rails:9
Migrating to CreateReviews (20190909060954)
  [1m[35m (0.1ms)[0m  [1m[36mbegin transaction[0m
  ↳ bin/rails:9
  [1m[35m (3.9ms)[0m  [1m[35mCREATE TABLE "reviews" ("id" integer PRIMARY KEY AUTOINCREMENT NOT NULL, "end_user_id" integer, "product_id" integer, "review_content" text, "created_at" datetime NOT NULL, "updated_at" datetime NOT NULL)[0m
  ↳ db/migrate/20190909060954_create_reviews.rb:3
  [1m[36mActiveRecord::SchemaMigration Create (1.1ms)[0m  [1m[32mINSERT INTO "schema_migrations" ("version") VALUES (?)[0m  [["version", "20190909060954"]]
  ↳ bin/rails:9
  [1m[35m (3.9ms)[0m  [1m[36mcommit transaction[0m
  ↳ bin/rails:9
Migrating to CreateArtists (20190909061235)
  [1m[35m (0.1ms)[0m  [1m[36mbegin transaction[0m
  ↳ bin/rails:9
  [1m[35m (2.4ms)[0m  [1m[35mCREATE TABLE "artists" ("id" integer PRIMARY KEY AUTOINCREMENT NOT NULL, "artist_name" varchar, "artist_image" varchar, "artist_introduction" text, "created_at" datetime NOT NULL, "updated_at" datetime NOT NULL)[0m
  ↳ db/migrate/20190909061235_create_artists.rb:3
  [1m[35m (0.2ms)[0m  [1m[35mCREATE  INDEX "index_artists_on_artist_name" ON "artists" ("artist_name")[0m
  ↳ db/migrate/20190909061235_create_artists.rb:10
  [1m[36mActiveRecord::SchemaMigration Create (0.9ms)[0m  [1m[32mINSERT INTO "schema_migrations" ("version") VALUES (?)[0m  [["version", "20190909061235"]]
  ↳ bin/rails:9
  [1m[35m (3.3ms)[0m  [1m[36mcommit transaction[0m
  ↳ bin/rails:9
Migrating to CreateGenres (20190909061601)
  [1m[35m (0.1ms)[0m  [1m[36mbegin transaction[0m
  ↳ bin/rails:9
  [1m[35m (2.9ms)[0m  [1m[35mCREATE TABLE "genres" ("id" integer PRIMARY KEY AUTOINCREMENT NOT NULL, "genre_name" varchar, "created_at" datetime NOT NULL, "updated_at" datetime NOT NULL)[0m
  ↳ db/migrate/20190909061601_create_genres.rb:3
  [1m[35m (0.1ms)[0m  [1m[35mCREATE  INDEX "index_genres_on_genre_name" ON "genres" ("genre_name")[0m
  ↳ db/migrate/20190909061601_create_genres.rb:8
  [1m[36mActiveRecord::SchemaMigration Create (1.3ms)[0m  [1m[32mINSERT INTO "schema_migrations" ("version") VALUES (?)[0m  [["version", "20190909061601"]]
  ↳ bin/rails:9
  [1m[35m (2.7ms)[0m  [1m[36mcommit transaction[0m
  ↳ bin/rails:9
Migrating to CreateDiscs (20190909062031)
  [1m[35m (0.1ms)[0m  [1m[36mbegin transaction[0m
  ↳ bin/rails:9
  [1m[35m (3.8ms)[0m  [1m[35mCREATE TABLE "discs" ("id" integer PRIMARY KEY AUTOINCREMENT NOT NULL, "product_id" integer, "disc_number" integer, "created_at" datetime NOT NULL, "updated_at" datetime NOT NULL)[0m
  ↳ db/migrate/20190909062031_create_discs.rb:3
  [1m[36mActiveRecord::SchemaMigration Create (0.8ms)[0m  [1m[32mINSERT INTO "schema_migrations" ("version") VALUES (?)[0m  [["version", "20190909062031"]]
  ↳ bin/rails:9
  [1m[35m (2.5ms)[0m  [1m[36mcommit transaction[0m
  ↳ bin/rails:9
Migrating to CreateSongs (20190909062231)
  [1m[35m (0.1ms)[0m  [1m[36mbegin transaction[0m
  ↳ bin/rails:9
  [1m[35m (3.5ms)[0m  [1m[35mCREATE TABLE "songs" ("id" integer PRIMARY KEY AUTOINCREMENT NOT NULL, "disc_id" integer, "track_number" integer, "song_name" varchar, "created_at" datetime NOT NULL, "updated_at" datetime NOT NULL)[0m
  ↳ db/migrate/20190909062231_create_songs.rb:3
  [1m[36mActiveRecord::SchemaMigration Create (0.6ms)[0m  [1m[32mINSERT INTO "schema_migrations" ("version") VALUES (?)[0m  [["version", "20190909062231"]]
  ↳ bin/rails:9
  [1m[35m (2.3ms)[0m  [1m[36mcommit transaction[0m
  ↳ bin/rails:9
Migrating to CreateArrivals (20190909062441)
  [1m[35m (0.1ms)[0m  [1m[36mbegin transaction[0m
  ↳ bin/rails:9
  [1m[35m (3.4ms)[0m  [1m[35mCREATE TABLE "arrivals" ("id" integer PRIMARY KEY AUTOINCREMENT NOT NULL, "product_id" integer, "received_qty" integer, "created_at" datetime NOT NULL, "updated_at" datetime NOT NULL)[0m
  ↳ db/migrate/20190909062441_create_arrivals.rb:3
  [1m[36mActiveRecord::SchemaMigration Create (0.8ms)[0m  [1m[32mINSERT INTO "schema_migrations" ("version") VALUES (?)[0m  [["version", "20190909062441"]]
  ↳ bin/rails:9
  [1m[35m (2.6ms)[0m  [1m[36mcommit transaction[0m
  ↳ bin/rails:9
Migrating to CreateDisposals (20190909063154)
  [1m[35m (0.1ms)[0m  [1m[36mbegin transaction[0m
  ↳ bin/rails:9
  [1m[35m (4.0ms)[0m  [1m[35mCREATE TABLE "disposals" ("id" integer PRIMARY KEY AUTOINCREMENT NOT NULL, "product_id" integer, "scrapped_qty" integer, "created_at" datetime NOT NULL, "updated_at" datetime NOT NULL)[0m
  ↳ db/migrate/20190909063154_create_disposals.rb:3
  [1m[36mActiveRecord::SchemaMigration Create (1.0ms)[0m  [1m[32mINSERT INTO "schema_migrations" ("version") VALUES (?)[0m  [["version", "20190909063154"]]
  ↳ bin/rails:9
  [1m[35m (2.9ms)[0m  [1m[36mcommit transaction[0m
  ↳ bin/rails:9
Migrating to CreateCarts (20190909063412)
  [1m[35m (0.1ms)[0m  [1m[36mbegin transaction[0m
  ↳ bin/rails:9
  [1m[35m (3.8ms)[0m  [1m[35mCREATE TABLE "carts" ("id" integer PRIMARY KEY AUTOINCREMENT NOT NULL, "end_user_id" integer, "product_id" integer, "product_qty" integer, "created_at" datetime NOT NULL, "updated_at" datetime NOT NULL)[0m
  ↳ db/migrate/20190909063412_create_carts.rb:3
  [1m[36mActiveRecord::SchemaMigration Create (1.0ms)[0m  [1m[32mINSERT INTO "schema_migrations" ("version") VALUES (?)[0m  [["version", "20190909063412"]]
  ↳ bin/rails:9
  [1m[35m (2.7ms)[0m  [1m[36mcommit transaction[0m
  ↳ bin/rails:9
Migrating to CreateOrders (20190909064330)
  [1m[35m (0.1ms)[0m  [1m[36mbegin transaction[0m
  ↳ bin/rails:9
  [1m[35m (4.8ms)[0m  [1m[35mCREATE TABLE "orders" ("id" integer PRIMARY KEY AUTOINCREMENT NOT NULL, "deliveries_address" varchar, "payment_method" integer, "subtotal_ex_tax" integer, "subtotal_in_tax" integer, "freight" integer, "arrival_status" integer, "created_at" datetime NOT NULL, "updated_at" datetime NOT NULL)[0m
  ↳ db/migrate/20190909064330_create_orders.rb:3
  [1m[36mActiveRecord::SchemaMigration Create (0.8ms)[0m  [1m[32mINSERT INTO "schema_migrations" ("version") VALUES (?)[0m  [["version", "20190909064330"]]
  ↳ bin/rails:9
  [1m[35m (2.2ms)[0m  [1m[36mcommit transaction[0m
  ↳ bin/rails:9
Migrating to CreateOrderContents (20190909064944)
  [1m[35m (0.1ms)[0m  [1m[36mbegin transaction[0m
  ↳ bin/rails:9
  [1m[35m (3.8ms)[0m  [1m[35mCREATE TABLE "order_contents" ("id" integer PRIMARY KEY AUTOINCREMENT NOT NULL, "order_id" integer, "product_id" integer, "product_qty" integer, "price_sum_ex_tax" integer, "price_sum_in_tax" integer, "created_at" datetime NOT NULL, "updated_at" datetime NOT NULL)[0m
  ↳ db/migrate/20190909064944_create_order_contents.rb:3
  [1m[36mActiveRecord::SchemaMigration Create (0.8ms)[0m  [1m[32mINSERT INTO "schema_migrations" ("version") VALUES (?)[0m  [["version", "20190909064944"]]
  ↳ bin/rails:9
  [1m[35m (2.7ms)[0m  [1m[36mcommit transaction[0m
  ↳ bin/rails:9
Migrating to CreateLabels (20190909065132)
  [1m[35m (0.1ms)[0m  [1m[36mbegin transaction[0m
  ↳ bin/rails:9
  [1m[35m (4.1ms)[0m  [1m[35mCREATE TABLE "labels" ("id" integer PRIMARY KEY AUTOINCREMENT NOT NULL, "label_name" varchar, "created_at" datetime NOT NULL, "updated_at" datetime NOT NULL)[0m
  ↳ db/migrate/20190909065132_create_labels.rb:3
  [1m[36mActiveRecord::SchemaMigration Create (0.6ms)[0m  [1m[32mINSERT INTO "schema_migrations" ("version") VALUES (?)[0m  [["version", "20190909065132"]]
  ↳ bin/rails:9
  [1m[35m (2.8ms)[0m  [1m[36mcommit transaction[0m
  ↳ bin/rails:9
Migrating to DeviseCreateAdminUsers (20190909065709)
  [1m[35m (0.1ms)[0m  [1m[36mbegin transaction[0m
  ↳ bin/rails:9
  [1m[35m (4.2ms)[0m  [1m[35mCREATE TABLE "admin_users" ("id" integer PRIMARY KEY AUTOINCREMENT NOT NULL, "email" varchar DEFAULT '' NOT NULL, "encrypted_password" varchar DEFAULT '' NOT NULL, "reset_password_token" varchar, "reset_password_sent_at" datetime, "remember_created_at" datetime, "sign_in_count" integer DEFAULT 0 NOT NULL, "current_sign_in_at" datetime, "last_sign_in_at" datetime, "current_sign_in_ip" varchar, "last_sign_in_ip" varchar, "created_at" datetime NOT NULL, "updated_at" datetime NOT NULL)[0m
  ↳ db/migrate/20190909065709_devise_create_admin_users.rb:5
  [1m[35m (0.1ms)[0m  [1m[35mCREATE UNIQUE INDEX "index_admin_users_on_email" ON "admin_users" ("email")[0m
  ↳ db/migrate/20190909065709_devise_create_admin_users.rb:39
  [1m[35m (0.1ms)[0m  [1m[35mCREATE UNIQUE INDEX "index_admin_users_on_reset_password_token" ON "admin_users" ("reset_password_token")[0m
  ↳ db/migrate/20190909065709_devise_create_admin_users.rb:40
  [1m[36mActiveRecord::SchemaMigration Create (1.4ms)[0m  [1m[32mINSERT INTO "schema_migrations" ("version") VALUES (?)[0m  [["version", "20190909065709"]]
  ↳ bin/rails:9
  [1m[35m (3.7ms)[0m  [1m[36mcommit transaction[0m
  ↳ bin/rails:9
Migrating to RenameJacketImageColumnToProducts (20190910093457)
  [1m[35m (0.1ms)[0m  [1m[36mbegin transaction[0m
  ↳ bin/rails:9
  [1m[35m (0.1ms)[0m  [1m[35mCREATE TEMPORARY TABLE "aproducts" ("id" integer NOT NULL PRIMARY KEY, "genre_id" integer DEFAULT NULL, "artist_id" integer DEFAULT NULL, "product_name" varchar DEFAULT NULL, "price" integer DEFAULT NULL, "label_id" integer DEFAULT NULL, "stopped" boolean DEFAULT NULL, "jacket_image_id" varchar DEFAULT NULL, "created_at" datetime NOT NULL, "updated_at" datetime NOT NULL)[0m
  ↳ db/migrate/20190910093457_rename_jacket_image_column_to_products.rb:3
  [1m[35m (0.1ms)[0m  [1m[35mCREATE  INDEX "tindex_aproducts_on_product_name" ON "aproducts" ("product_name")[0m
  ↳ db/migrate/20190910093457_rename_jacket_image_column_to_products.rb:3
  [1m[35m (0.1ms)[0m  [1m[32mINSERT INTO "aproducts" ("id","genre_id","artist_id","product_name","price","label_id","stopped","jacket_image_id","created_at","updated_at")
                     SELECT "id","genre_id","artist_id","product_name","price","label_id","stopped","jacket_image","created_at","updated_at" FROM "products"[0m
  ↳ db/migrate/20190910093457_rename_jacket_image_column_to_products.rb:3
  [1m[35m (3.7ms)[0m  [1m[35mDROP TABLE "products"[0m
  ↳ db/migrate/20190910093457_rename_jacket_image_column_to_products.rb:3
  [1m[35m (0.4ms)[0m  [1m[35mCREATE TABLE "products" ("id" integer NOT NULL PRIMARY KEY, "genre_id" integer DEFAULT NULL, "artist_id" integer DEFAULT NULL, "product_name" varchar DEFAULT NULL, "price" integer DEFAULT NULL, "label_id" integer DEFAULT NULL, "stopped" boolean DEFAULT NULL, "jacket_image_id" varchar DEFAULT NULL, "created_at" datetime NOT NULL, "updated_at" datetime NOT NULL)[0m
  ↳ db/migrate/20190910093457_rename_jacket_image_column_to_products.rb:3
  [1m[35m (0.1ms)[0m  [1m[35mCREATE  INDEX "index_products_on_product_name" ON "products" ("product_name")[0m
  ↳ db/migrate/20190910093457_rename_jacket_image_column_to_products.rb:3
  [1m[35m (0.1ms)[0m  [1m[32mINSERT INTO "products" ("id","genre_id","artist_id","product_name","price","label_id","stopped","jacket_image_id","created_at","updated_at")
                     SELECT "id","genre_id","artist_id","product_name","price","label_id","stopped","jacket_image_id","created_at","updated_at" FROM "aproducts"[0m
  ↳ db/migrate/20190910093457_rename_jacket_image_column_to_products.rb:3
  [1m[35m (0.1ms)[0m  [1m[35mDROP TABLE "aproducts"[0m
  ↳ db/migrate/20190910093457_rename_jacket_image_column_to_products.rb:3
  [1m[36mActiveRecord::SchemaMigration Create (1.0ms)[0m  [1m[32mINSERT INTO "schema_migrations" ("version") VALUES (?)[0m  [["version", "20190910093457"]]
  ↳ bin/rails:9
  [1m[35m (2.9ms)[0m  [1m[36mcommit transaction[0m
  ↳ bin/rails:9
Migrating to RenameArtistImageColumnToArtists (20190910093721)
  [1m[35m (0.1ms)[0m  [1m[36mbegin transaction[0m
  ↳ bin/rails:9
  [1m[35m (0.1ms)[0m  [1m[35mCREATE TEMPORARY TABLE "aartists" ("id" integer NOT NULL PRIMARY KEY, "artist_name" varchar DEFAULT NULL, "artist_image_id" varchar DEFAULT NULL, "artist_introduction" text DEFAULT NULL, "created_at" datetime NOT NULL, "updated_at" datetime NOT NULL)[0m
  ↳ db/migrate/20190910093721_rename_artist_image_column_to_artists.rb:3
  [1m[35m (0.1ms)[0m  [1m[35mCREATE  INDEX "tindex_aartists_on_artist_name" ON "aartists" ("artist_name")[0m
  ↳ db/migrate/20190910093721_rename_artist_image_column_to_artists.rb:3
  [1m[35m (0.1ms)[0m  [1m[32mINSERT INTO "aartists" ("id","artist_name","artist_image_id","artist_introduction","created_at","updated_at")
                     SELECT "id","artist_name","artist_image","artist_introduction","created_at","updated_at" FROM "artists"[0m
  ↳ db/migrate/20190910093721_rename_artist_image_column_to_artists.rb:3
  [1m[35m (3.0ms)[0m  [1m[35mDROP TABLE "artists"[0m
  ↳ db/migrate/20190910093721_rename_artist_image_column_to_artists.rb:3
  [1m[35m (0.1ms)[0m  [1m[35mCREATE TABLE "artists" ("id" integer NOT NULL PRIMARY KEY, "artist_name" varchar DEFAULT NULL, "artist_image_id" varchar DEFAULT NULL, "artist_introduction" text DEFAULT NULL, "created_at" datetime NOT NULL, "updated_at" datetime NOT NULL)[0m
  ↳ db/migrate/20190910093721_rename_artist_image_column_to_artists.rb:3
  [1m[35m (0.1ms)[0m  [1m[35mCREATE  INDEX "index_artists_on_artist_name" ON "artists" ("artist_name")[0m
  ↳ db/migrate/20190910093721_rename_artist_image_column_to_artists.rb:3
  [1m[35m (0.1ms)[0m  [1m[32mINSERT INTO "artists" ("id","artist_name","artist_image_id","artist_introduction","created_at","updated_at")
                     SELECT "id","artist_name","artist_image_id","artist_introduction","created_at","updated_at" FROM "aartists"[0m
  ↳ db/migrate/20190910093721_rename_artist_image_column_to_artists.rb:3
  [1m[35m (0.1ms)[0m  [1m[35mDROP TABLE "aartists"[0m
  ↳ db/migrate/20190910093721_rename_artist_image_column_to_artists.rb:3
  [1m[36mActiveRecord::SchemaMigration Create (1.2ms)[0m  [1m[32mINSERT INTO "schema_migrations" ("version") VALUES (?)[0m  [["version", "20190910093721"]]
  ↳ bin/rails:9
  [1m[35m (3.0ms)[0m  [1m[36mcommit transaction[0m
  ↳ bin/rails:9
Migrating to AddDefaultLeavedToEndUsers (20190910104638)
  [1m[35m (0.1ms)[0m  [1m[36mbegin transaction[0m
  ↳ bin/rails:9
  [1m[35m (0.1ms)[0m  [1m[35mCREATE TEMPORARY TABLE "aend_users" ("id" integer NOT NULL PRIMARY KEY, "email" varchar DEFAULT '' NOT NULL, "encrypted_password" varchar DEFAULT '' NOT NULL, "reset_password_token" varchar DEFAULT NULL, "reset_password_sent_at" datetime DEFAULT NULL, "remember_created_at" datetime DEFAULT NULL, "sign_in_count" integer DEFAULT 0 NOT NULL, "current_sign_in_at" datetime DEFAULT NULL, "last_sign_in_at" datetime DEFAULT NULL, "current_sign_in_ip" varchar DEFAULT NULL, "last_sign_in_ip" varchar DEFAULT NULL, "lastname_kanji" varchar DEFAULT NULL, "firstname_kanji" varchar DEFAULT NULL, "lastname_kana" varchar DEFAULT NULL, "firstname_kana" varchar DEFAULT NULL, "phone_number" integer DEFAULT NULL, "zipcode" integer DEFAULT NULL, "address" varchar DEFAULT NULL, "leaved" boolean DEFAULT NULL, "leave_at" datetime DEFAULT NULL, "created_at" datetime NOT NULL, "updated_at" datetime NOT NULL)[0m
  ↳ db/migrate/20190910104638_add_default_leaved_to_end_users.rb:3
  [1m[35m (0.1ms)[0m  [1m[35mCREATE UNIQUE INDEX "tindex_aend_users_on_reset_password_token" ON "aend_users" ("reset_password_token")[0m
  ↳ db/migrate/20190910104638_add_default_leaved_to_end_users.rb:3
  [1m[35m (0.1ms)[0m  [1m[35mCREATE UNIQUE INDEX "tindex_aend_users_on_email" ON "aend_users" ("email")[0m
  ↳ db/migrate/20190910104638_add_default_leaved_to_end_users.rb:3
  [1m[35m (0.1ms)[0m  [1m[32mINSERT INTO "aend_users" ("id","email","encrypted_password","reset_password_token","reset_password_sent_at","remember_created_at","sign_in_count","current_sign_in_at","last_sign_in_at","current_sign_in_ip","last_sign_in_ip","lastname_kanji","firstname_kanji","lastname_kana","firstname_kana","phone_number","zipcode","address","leaved","leave_at","created_at","updated_at")
                     SELECT "id","email","encrypted_password","reset_password_token","reset_password_sent_at","remember_created_at","sign_in_count","current_sign_in_at","last_sign_in_at","current_sign_in_ip","last_sign_in_ip","lastname_kanji","firstname_kanji","lastname_kana","firstname_kana","phone_number","zipcode","address","leaved","leave_at","created_at","updated_at" FROM "end_users"[0m
  ↳ db/migrate/20190910104638_add_default_leaved_to_end_users.rb:3
  [1m[35m (4.2ms)[0m  [1m[35mDROP TABLE "end_users"[0m
  ↳ db/migrate/20190910104638_add_default_leaved_to_end_users.rb:3
  [1m[35m (0.6ms)[0m  [1m[35mCREATE TABLE "end_users" ("id" integer NOT NULL PRIMARY KEY, "email" varchar DEFAULT '' NOT NULL, "encrypted_password" varchar DEFAULT '' NOT NULL, "reset_password_token" varchar DEFAULT NULL, "reset_password_sent_at" datetime DEFAULT NULL, "remember_created_at" datetime DEFAULT NULL, "sign_in_count" integer DEFAULT 0 NOT NULL, "current_sign_in_at" datetime DEFAULT NULL, "last_sign_in_at" datetime DEFAULT NULL, "current_sign_in_ip" varchar DEFAULT NULL, "last_sign_in_ip" varchar DEFAULT NULL, "lastname_kanji" varchar DEFAULT NULL, "firstname_kanji" varchar DEFAULT NULL, "lastname_kana" varchar DEFAULT NULL, "firstname_kana" varchar DEFAULT NULL, "phone_number" integer DEFAULT NULL, "zipcode" integer DEFAULT NULL, "address" varchar DEFAULT NULL, "leaved" boolean DEFAULT 0 NOT NULL, "leave_at" datetime DEFAULT NULL, "created_at" datetime NOT NULL, "updated_at" datetime NOT NULL)[0m
  ↳ db/migrate/20190910104638_add_default_leaved_to_end_users.rb:3
  [1m[35m (0.1ms)[0m  [1m[35mCREATE UNIQUE INDEX "index_end_users_on_email" ON "end_users" ("email")[0m
  ↳ db/migrate/20190910104638_add_default_leaved_to_end_users.rb:3
  [1m[35m (0.1ms)[0m  [1m[35mCREATE UNIQUE INDEX "index_end_users_on_reset_password_token" ON "end_users" ("reset_password_token")[0m
  ↳ db/migrate/20190910104638_add_default_leaved_to_end_users.rb:3
  [1m[35m (0.1ms)[0m  [1m[32mINSERT INTO "end_users" ("id","email","encrypted_password","reset_password_token","reset_password_sent_at","remember_created_at","sign_in_count","current_sign_in_at","last_sign_in_at","current_sign_in_ip","last_sign_in_ip","lastname_kanji","firstname_kanji","lastname_kana","firstname_kana","phone_number","zipcode","address","leaved","leave_at","created_at","updated_at")
                     SELECT "id","email","encrypted_password","reset_password_token","reset_password_sent_at","remember_created_at","sign_in_count","current_sign_in_at","last_sign_in_at","current_sign_in_ip","last_sign_in_ip","lastname_kanji","firstname_kanji","lastname_kana","firstname_kana","phone_number","zipcode","address","leaved","leave_at","created_at","updated_at" FROM "aend_users"[0m
  ↳ db/migrate/20190910104638_add_default_leaved_to_end_users.rb:3
  [1m[35m (0.1ms)[0m  [1m[35mDROP TABLE "aend_users"[0m
  ↳ db/migrate/20190910104638_add_default_leaved_to_end_users.rb:3
  [1m[36mActiveRecord::SchemaMigration Create (1.4ms)[0m  [1m[32mINSERT INTO "schema_migrations" ("version") VALUES (?)[0m  [["version", "20190910104638"]]
  ↳ bin/rails:9
  [1m[35m (3.1ms)[0m  [1m[36mcommit transaction[0m
  ↳ bin/rails:9
Migrating to AddDefaultArrivalStatus (20190910110717)
  [1m[35m (0.1ms)[0m  [1m[36mbegin transaction[0m
  ↳ bin/rails:9
  [1m[35m (0.1ms)[0m  [1m[35mCREATE TEMPORARY TABLE "aorders" ("id" integer NOT NULL PRIMARY KEY, "deliveries_address" varchar DEFAULT NULL, "payment_method" integer DEFAULT NULL, "subtotal_ex_tax" integer DEFAULT NULL, "subtotal_in_tax" integer DEFAULT NULL, "freight" integer DEFAULT NULL, "arrival_status" integer DEFAULT NULL, "created_at" datetime NOT NULL, "updated_at" datetime NOT NULL)[0m
  ↳ db/migrate/20190910110717_add_default_arrival_status.rb:3
  [1m[35m (0.0ms)[0m  [1m[32mINSERT INTO "aorders" ("id","deliveries_address","payment_method","subtotal_ex_tax","subtotal_in_tax","freight","arrival_status","created_at","updated_at")
                     SELECT "id","deliveries_address","payment_method","subtotal_ex_tax","subtotal_in_tax","freight","arrival_status","created_at","updated_at" FROM "orders"[0m
  ↳ db/migrate/20190910110717_add_default_arrival_status.rb:3
  [1m[35m (3.0ms)[0m  [1m[35mDROP TABLE "orders"[0m
  ↳ db/migrate/20190910110717_add_default_arrival_status.rb:3
  [1m[35m (0.4ms)[0m  [1m[35mCREATE TABLE "orders" ("id" integer NOT NULL PRIMARY KEY, "deliveries_address" varchar DEFAULT NULL, "payment_method" integer DEFAULT NULL, "subtotal_ex_tax" integer DEFAULT NULL, "subtotal_in_tax" integer DEFAULT NULL, "freight" integer DEFAULT NULL, "arrival_status" integer DEFAULT 0 NOT NULL, "created_at" datetime NOT NULL, "updated_at" datetime NOT NULL)[0m
  ↳ db/migrate/20190910110717_add_default_arrival_status.rb:3
  [1m[35m (0.1ms)[0m  [1m[32mINSERT INTO "orders" ("id","deliveries_address","payment_method","subtotal_ex_tax","subtotal_in_tax","freight","arrival_status","created_at","updated_at")
                     SELECT "id","deliveries_address","payment_method","subtotal_ex_tax","subtotal_in_tax","freight","arrival_status","created_at","updated_at" FROM "aorders"[0m
  ↳ db/migrate/20190910110717_add_default_arrival_status.rb:3
  [1m[35m (0.1ms)[0m  [1m[35mDROP TABLE "aorders"[0m
  ↳ db/migrate/20190910110717_add_default_arrival_status.rb:3
  [1m[36mActiveRecord::SchemaMigration Create (1.3ms)[0m  [1m[32mINSERT INTO "schema_migrations" ("version") VALUES (?)[0m  [["version", "20190910110717"]]
  ↳ bin/rails:9
  [1m[35m (3.3ms)[0m  [1m[36mcommit transaction[0m
  ↳ bin/rails:9
Migrating to AddDefaultStopped (20190910111916)
  [1m[35m (0.1ms)[0m  [1m[36mbegin transaction[0m
  ↳ bin/rails:9
  [1m[35m (0.1ms)[0m  [1m[35mCREATE TEMPORARY TABLE "aproducts" ("id" integer NOT NULL PRIMARY KEY, "genre_id" integer DEFAULT NULL, "artist_id" integer DEFAULT NULL, "product_name" varchar DEFAULT NULL, "price" integer DEFAULT NULL, "label_id" integer DEFAULT NULL, "stopped" boolean DEFAULT NULL, "jacket_image_id" varchar DEFAULT NULL, "created_at" datetime NOT NULL, "updated_at" datetime NOT NULL)[0m
  ↳ db/migrate/20190910111916_add_default_stopped.rb:3
  [1m[35m (0.1ms)[0m  [1m[35mCREATE  INDEX "tindex_aproducts_on_product_name" ON "aproducts" ("product_name")[0m
  ↳ db/migrate/20190910111916_add_default_stopped.rb:3
  [1m[35m (0.1ms)[0m  [1m[32mINSERT INTO "aproducts" ("id","genre_id","artist_id","product_name","price","label_id","stopped","jacket_image_id","created_at","updated_at")
                     SELECT "id","genre_id","artist_id","product_name","price","label_id","stopped","jacket_image_id","created_at","updated_at" FROM "products"[0m
  ↳ db/migrate/20190910111916_add_default_stopped.rb:3
  [1m[35m (3.5ms)[0m  [1m[35mDROP TABLE "products"[0m
  ↳ db/migrate/20190910111916_add_default_stopped.rb:3
  [1m[35m (0.1ms)[0m  [1m[35mCREATE TABLE "products" ("id" integer NOT NULL PRIMARY KEY, "genre_id" integer DEFAULT NULL, "artist_id" integer DEFAULT NULL, "product_name" varchar DEFAULT NULL, "price" integer DEFAULT NULL, "label_id" integer DEFAULT NULL, "stopped" boolean DEFAULT 0 NOT NULL, "jacket_image_id" varchar DEFAULT NULL, "created_at" datetime NOT NULL, "updated_at" datetime NOT NULL)[0m
  ↳ db/migrate/20190910111916_add_default_stopped.rb:3
  [1m[35m (0.1ms)[0m  [1m[35mCREATE  INDEX "index_products_on_product_name" ON "products" ("product_name")[0m
  ↳ db/migrate/20190910111916_add_default_stopped.rb:3
  [1m[35m (0.1ms)[0m  [1m[32mINSERT INTO "products" ("id","genre_id","artist_id","product_name","price","label_id","stopped","jacket_image_id","created_at","updated_at")
                     SELECT "id","genre_id","artist_id","product_name","price","label_id","stopped","jacket_image_id","created_at","updated_at" FROM "aproducts"[0m
  ↳ db/migrate/20190910111916_add_default_stopped.rb:3
  [1m[35m (0.1ms)[0m  [1m[35mDROP TABLE "aproducts"[0m
  ↳ db/migrate/20190910111916_add_default_stopped.rb:3
  [1m[36mActiveRecord::SchemaMigration Create (0.8ms)[0m  [1m[32mINSERT INTO "schema_migrations" ("version") VALUES (?)[0m  [["version", "20190910111916"]]
  ↳ bin/rails:9
  [1m[35m (2.1ms)[0m  [1m[36mcommit transaction[0m
  ↳ bin/rails:9
  [1m[36mActiveRecord::InternalMetadata Load (1.4ms)[0m  [1m[34mSELECT  "ar_internal_metadata".* FROM "ar_internal_metadata" WHERE "ar_internal_metadata"."key" = ? LIMIT ?[0m  [["key", "environment"], ["LIMIT", 1]]
  ↳ bin/rails:9
  [1m[35m (0.0ms)[0m  [1m[36mbegin transaction[0m
  ↳ bin/rails:9
  [1m[36mActiveRecord::InternalMetadata Create (2.8ms)[0m  [1m[32mINSERT INTO "ar_internal_metadata" ("key", "value", "created_at", "updated_at") VALUES (?, ?, ?, ?)[0m  [["key", "environment"], ["value", "development"], ["created_at", "2019-09-11 05:08:16.590040"], ["updated_at", "2019-09-11 05:08:16.590040"]]
  ↳ bin/rails:9
  [1m[35m (2.0ms)[0m  [1m[36mcommit transaction[0m
  ↳ bin/rails:9
  [1m[35m (0.8ms)[0m  [1m[34mSELECT "schema_migrations"."version" FROM "schema_migrations" ORDER BY "schema_migrations"."version" ASC[0m
  ↳ bin/rails:9
Started GET "/" for 10.0.2.2 at 2019-09-11 05:09:28 +0000
Cannot render console from 10.0.2.2! Allowed networks: 127.0.0.1, ::1, 127.0.0.0/127.255.255.255
  [1m[35m (1.6ms)[0m  [1m[34mSELECT "schema_migrations"."version" FROM "schema_migrations" ORDER BY "schema_migrations"."version" ASC[0m
  ↳ /var/lib/gems/2.5.0/gems/activerecord-5.2.3/lib/active_record/log_subscriber.rb:98
Processing by Rails::WelcomeController#index as HTML
  Rendering /var/lib/gems/2.5.0/gems/railties-5.2.3/lib/rails/templates/rails/welcome/index.html.erb
  Rendered /var/lib/gems/2.5.0/gems/railties-5.2.3/lib/rails/templates/rails/welcome/index.html.erb (2.1ms)
Completed 200 OK in 11ms (Views: 6.2ms | ActiveRecord: 0.0ms)


Started GET "/admin_users/sign_in" for 10.0.2.2 at 2019-09-11 05:10:16 +0000
Cannot render console from 10.0.2.2! Allowed networks: 127.0.0.1, ::1, 127.0.0.0/127.255.255.255
Processing by Devise::SessionsController#new as HTML
  Rendering /var/lib/gems/2.5.0/gems/devise-4.7.1/app/views/devise/sessions/new.html.erb within layouts/application
  Rendered /var/lib/gems/2.5.0/gems/devise-4.7.1/app/views/devise/shared/_links.html.erb (0.9ms)
  Rendered /var/lib/gems/2.5.0/gems/devise-4.7.1/app/views/devise/sessions/new.html.erb within layouts/application (132.9ms)
Completed 200 OK in 5025ms (Views: 5005.1ms | ActiveRecord: 5.7ms)


